2023-01-24 16:52:29	리셋 또는 응답없음으로 비정상 접속 끊기 함
2023-01-24 16:52:43	PLC 에러/경고 대화상자 발생 함
2023-01-24 16:52:43	PLC 에러/경고 대화상자 발생 함
2023-01-24 16:52:43	PLC 에러/경고 대화상자 발생 함
2023-01-24 16:52:43	PLC 에러/경고 대화상자 발생 함
2023-01-24 16:52:43	PLC 에러/경고 대화상자 발생 함
2023-01-24 16:52:43	PLC 에러/경고 대화상자 발생 함
2023-01-24 16:52:43	PLC 에러/경고 대화상자 발생 함
2023-01-24 16:52:43	PLC 에러/경고 대화상자 발생 함
2023-01-24 16:52:43	PLC 에러/경고 대화상자 발생 함
2023-01-24 16:52:43	PLC 에러/경고 대화상자 발생 함
2023-01-24 16:52:43	PLC 에러/경고 대화상자 발생 함
2023-01-24 16:52:43	PLC 에러/경고 대화상자 발생 함
2023-01-24 16:52:43	PLC 에러/경고 대화상자 발생 함
2023-01-24 16:52:43	PLC 에러/경고 대화상자 발생 함
2023-01-24 16:52:43	PLC 에러/경고 대화상자 발생 함
2023-01-24 16:52:43	PLC 에러/경고 대화상자 발생 함
2023-01-24 16:52:43	PLC 에러/경고 대화상자 발생 함
2023-01-24 16:52:43	PLC 에러/경고 대화상자 발생 함
2023-01-24 16:52:43	PLC 에러/경고 대화상자 발생 함
2023-01-24 16:52:43	PLC 에러/경고 대화상자 발생 함
2023-01-24 16:52:43	PLC 에러/경고 대화상자 발생 함
2023-01-24 16:52:43	PLC 에러/경고 대화상자 발생 함
2023-01-24 16:52:43	PLC 에러/경고 대화상자 발생 함
2023-01-24 16:52:43	PLC 에러/경고 대화상자 발생 함
2023-01-24 16:52:43	PLC 에러/경고 대화상자 발생 함
2023-01-24 16:52:44	PLC 에러/경고 대화상자 발생 함
2023-01-24 16:52:44	PLC 에러/경고 대화상자 발생 함
2023-01-24 16:52:44	PLC 에러/경고 대화상자 발생 함
2023-01-24 16:52:44	PLC 에러/경고 대화상자 발생 함
2023-01-24 16:52:44	PLC 에러/경고 대화상자 발생 함
2023-01-24 16:52:44	PLC 에러/경고 대화상자 발생 함
2023-01-24 16:52:44	PLC 에러/경고 대화상자 발생 함
2023-01-24 16:52:44	PLC 에러/경고 대화상자 발생 함
2023-01-24 16:52:44	PLC 에러/경고 대화상자 발생 함
2023-01-24 16:52:44	PLC 에러/경고 대화상자 발생 함
2023-01-24 16:52:44	PLC 에러/경고 대화상자 발생 함
2023-01-24 16:52:44	PLC 에러/경고 대화상자 발생 함
2023-01-24 16:52:44	PLC 에러/경고 대화상자 발생 함
2023-01-24 16:52:44	PLC 에러/경고 대화상자 발생 함
2023-01-24 16:52:44	PLC 에러/경고 대화상자 발생 함
2023-01-24 16:52:44	PLC 에러/경고 대화상자 발생 함
2023-01-24 16:52:44	PLC 에러/경고 대화상자 발생 함
2023-01-24 16:52:44	PLC 에러/경고 대화상자 발생 함
2023-01-24 16:52:44	PLC 에러/경고 대화상자 발생 함
2023-01-24 16:52:44	PLC 에러/경고 대화상자 발생 함
2023-01-24 16:52:44	PLC 에러/경고 대화상자 발생 함
2023-01-24 16:52:45	PLC 에러/경고 대화상자 발생 함
2023-01-24 16:52:45	PLC 에러/경고 대화상자 발생 함
2023-01-24 16:52:45	PLC 에러/경고 대화상자 발생 함
2023-01-24 16:52:45	PLC 에러/경고 대화상자 발생 함
2023-01-24 16:52:45	PLC 에러/경고 대화상자 발생 함
2023-01-24 16:52:45	PLC 에러/경고 대화상자 발생 함
2023-01-24 16:52:45	PLC 에러/경고 대화상자 발생 함
2023-01-24 16:52:45	PLC 에러/경고 대화상자 발생 함
2023-01-24 16:52:45	PLC 에러/경고 대화상자 발생 함
2023-01-24 16:52:45	PLC 에러/경고 대화상자 발생 함
2023-01-24 16:52:45	PLC 에러/경고 대화상자 발생 함
2023-01-24 16:52:45	PLC 에러/경고 대화상자 발생 함
2023-01-24 16:52:45	PLC 에러/경고 대화상자 발생 함
2023-01-24 16:52:45	PLC 에러/경고 대화상자 발생 함
2023-01-24 16:52:46	PLC 에러/경고 대화상자 발생 함
2023-01-24 16:52:46	PLC 에러/경고 대화상자 발생 함
2023-01-24 16:52:46	PLC 에러/경고 대화상자 발생 함
2023-01-24 16:52:46	PLC 에러/경고 대화상자 발생 함
2023-01-24 16:52:46	PLC 에러/경고 대화상자 발생 함
2023-01-24 16:52:46	PLC 에러/경고 대화상자 발생 함
2023-01-24 16:52:46	PLC 에러/경고 대화상자 발생 함
2023-01-24 16:52:46	PLC 에러/경고 대화상자 발생 함
2023-01-24 16:52:46	PLC 에러/경고 대화상자 발생 함
2023-01-24 16:52:46	PLC 에러/경고 대화상자 발생 함
2023-01-24 16:52:46	GetDLPosition 호출 함
2023-01-24 16:52:46	GetDLSize 호출 함
2023-01-24 16:52:46	로컬 Connect 함
2023-01-24 16:52:50	로컬 Disconnect 함
2023-01-24 16:52:57	PLC 에러/경고 대화상자 발생 함
2023-01-24 16:52:57	PLC 에러/경고 대화상자 발생 함
2023-01-24 16:52:57	PLC 에러/경고 대화상자 발생 함
2023-01-24 16:52:57	PLC 에러/경고 대화상자 발생 함
2023-01-24 16:52:57	PLC 에러/경고 대화상자 발생 함
2023-01-24 16:52:57	PLC 에러/경고 대화상자 발생 함
2023-01-24 16:52:57	PLC 에러/경고 대화상자 발생 함
2023-01-24 16:52:57	PLC 에러/경고 대화상자 발생 함
2023-01-24 16:52:57	PLC 에러/경고 대화상자 발생 함
2023-01-24 16:52:57	PLC 에러/경고 대화상자 발생 함
2023-01-24 16:52:57	PLC 에러/경고 대화상자 발생 함
2023-01-24 16:52:57	PLC 에러/경고 대화상자 발생 함
2023-01-24 16:52:57	PLC 에러/경고 대화상자 발생 함
2023-01-24 16:52:57	PLC 에러/경고 대화상자 발생 함
2023-01-24 16:52:57	PLC 에러/경고 대화상자 발생 함
2023-01-24 16:52:57	PLC 에러/경고 대화상자 발생 함
2023-01-24 16:52:57	PLC 에러/경고 대화상자 발생 함
2023-01-24 16:52:57	PLC 에러/경고 대화상자 발생 함
2023-01-24 16:52:57	PLC 에러/경고 대화상자 발생 함
2023-01-24 16:52:57	PLC 에러/경고 대화상자 발생 함
2023-01-24 16:52:57	PLC 에러/경고 대화상자 발생 함
2023-01-24 16:52:57	PLC 에러/경고 대화상자 발생 함
2023-01-24 16:52:57	PLC 에러/경고 대화상자 발생 함
2023-01-24 16:52:57	PLC 에러/경고 대화상자 발생 함
2023-01-24 16:52:57	PLC 에러/경고 대화상자 발생 함
2023-01-24 16:52:57	PLC 에러/경고 대화상자 발생 함
2023-01-24 16:52:57	PLC 에러/경고 대화상자 발생 함
2023-01-24 16:52:57	PLC 에러/경고 대화상자 발생 함
2023-01-24 16:52:57	PLC 에러/경고 대화상자 발생 함
2023-01-24 16:52:57	PLC 에러/경고 대화상자 발생 함
2023-01-24 16:52:57	PLC 에러/경고 대화상자 발생 함
2023-01-24 16:52:57	PLC 에러/경고 대화상자 발생 함
2023-01-24 16:52:57	PLC 에러/경고 대화상자 발생 함
2023-01-24 16:52:57	PLC 에러/경고 대화상자 발생 함
2023-01-24 16:52:57	PLC 에러/경고 대화상자 발생 함
2023-01-24 16:52:57	PLC 에러/경고 대화상자 발생 함
2023-01-24 16:52:57	PLC 에러/경고 대화상자 발생 함
2023-01-24 16:52:57	PLC 에러/경고 대화상자 발생 함
2023-01-24 16:52:57	PLC 에러/경고 대화상자 발생 함
2023-01-24 16:52:57	PLC 에러/경고 대화상자 발생 함
2023-01-24 16:52:57	PLC 에러/경고 대화상자 발생 함
2023-01-24 16:52:57	PLC 에러/경고 대화상자 발생 함
2023-01-24 16:52:57	PLC 에러/경고 대화상자 발생 함
2023-01-24 16:52:57	PLC 에러/경고 대화상자 발생 함
2023-01-24 16:52:57	PLC 에러/경고 대화상자 발생 함
2023-01-24 16:52:57	PLC 에러/경고 대화상자 발생 함
2023-01-24 16:52:58	PLC 에러/경고 대화상자 발생 함
2023-01-24 16:52:58	PLC 에러/경고 대화상자 발생 함
2023-01-24 16:52:58	PLC 에러/경고 대화상자 발생 함
2023-01-24 16:52:58	PLC 에러/경고 대화상자 발생 함
2023-01-24 16:52:58	PLC 에러/경고 대화상자 발생 함
2023-01-24 16:52:58	PLC 에러/경고 대화상자 발생 함
2023-01-24 16:52:58	PLC 에러/경고 대화상자 발생 함
2023-01-24 16:52:58	PLC 에러/경고 대화상자 발생 함
2023-01-24 16:52:58	PLC 에러/경고 대화상자 발생 함
2023-01-24 16:52:58	PLC 에러/경고 대화상자 발생 함
2023-01-24 16:52:58	PLC 에러/경고 대화상자 발생 함
2023-01-24 16:52:58	PLC 에러/경고 대화상자 발생 함
2023-01-24 16:52:58	PLC 에러/경고 대화상자 발생 함
2023-01-24 16:52:58	PLC 에러/경고 대화상자 발생 함
2023-01-24 16:52:58	PLC 에러/경고 대화상자 발생 함
2023-01-24 16:52:58	PLC 에러/경고 대화상자 발생 함
2023-01-24 16:52:58	PLC 에러/경고 대화상자 발생 함
2023-01-24 16:52:59	PLC 에러/경고 대화상자 발생 함
2023-01-24 16:52:59	PLC 에러/경고 대화상자 발생 함
2023-01-24 16:52:59	PLC 에러/경고 대화상자 발생 함
2023-01-24 16:52:59	PLC 에러/경고 대화상자 발생 함
2023-01-24 16:52:59	PLC 에러/경고 대화상자 발생 함
2023-01-24 16:52:59	PLC 에러/경고 대화상자 발생 함
2023-01-24 16:52:59	PLC 에러/경고 대화상자 발생 함
2023-01-24 16:52:59	GetDLPosition 호출 함
2023-01-24 16:52:59	GetDLSize 호출 함
2023-01-24 16:52:59	로컬 Connect 함
2023-01-24 16:53:04	로컬 Disconnect 함
2023-01-24 16:54:08	PLC 에러/경고 대화상자 발생 함
2023-01-24 16:54:08	PLC 에러/경고 대화상자 발생 함
2023-01-24 16:54:08	PLC 에러/경고 대화상자 발생 함
2023-01-24 16:54:08	PLC 에러/경고 대화상자 발생 함
2023-01-24 16:54:08	PLC 에러/경고 대화상자 발생 함
2023-01-24 16:54:08	PLC 에러/경고 대화상자 발생 함
2023-01-24 16:54:08	PLC 에러/경고 대화상자 발생 함
2023-01-24 16:54:08	PLC 에러/경고 대화상자 발생 함
2023-01-24 16:54:08	PLC 에러/경고 대화상자 발생 함
2023-01-24 16:54:08	PLC 에러/경고 대화상자 발생 함
2023-01-24 16:54:08	PLC 에러/경고 대화상자 발생 함
2023-01-24 16:54:08	PLC 에러/경고 대화상자 발생 함
2023-01-24 16:54:08	PLC 에러/경고 대화상자 발생 함
2023-01-24 16:54:08	PLC 에러/경고 대화상자 발생 함
2023-01-24 16:54:08	PLC 에러/경고 대화상자 발생 함
2023-01-24 16:54:08	PLC 에러/경고 대화상자 발생 함
2023-01-24 16:54:08	PLC 에러/경고 대화상자 발생 함
2023-01-24 16:54:08	PLC 에러/경고 대화상자 발생 함
2023-01-24 16:54:08	PLC 에러/경고 대화상자 발생 함
2023-01-24 16:54:08	PLC 에러/경고 대화상자 발생 함
2023-01-24 16:54:08	PLC 에러/경고 대화상자 발생 함
2023-01-24 16:54:08	PLC 에러/경고 대화상자 발생 함
2023-01-24 16:54:08	PLC 에러/경고 대화상자 발생 함
2023-01-24 16:54:08	PLC 에러/경고 대화상자 발생 함
2023-01-24 16:54:08	PLC 에러/경고 대화상자 발생 함
2023-01-24 16:54:08	PLC 에러/경고 대화상자 발생 함
2023-01-24 16:54:08	PLC 에러/경고 대화상자 발생 함
2023-01-24 16:54:08	PLC 에러/경고 대화상자 발생 함
2023-01-24 16:54:08	PLC 에러/경고 대화상자 발생 함
2023-01-24 16:54:08	PLC 에러/경고 대화상자 발생 함
2023-01-24 16:54:08	PLC 에러/경고 대화상자 발생 함
2023-01-24 16:54:08	PLC 에러/경고 대화상자 발생 함
2023-01-24 16:54:08	PLC 에러/경고 대화상자 발생 함
2023-01-24 16:54:08	PLC 에러/경고 대화상자 발생 함
2023-01-24 16:54:08	PLC 에러/경고 대화상자 발생 함
2023-01-24 16:54:08	PLC 에러/경고 대화상자 발생 함
2023-01-24 16:54:08	PLC 에러/경고 대화상자 발생 함
2023-01-24 16:54:08	PLC 에러/경고 대화상자 발생 함
2023-01-24 16:54:08	PLC 에러/경고 대화상자 발생 함
2023-01-24 16:54:08	PLC 에러/경고 대화상자 발생 함
2023-01-24 16:54:08	PLC 에러/경고 대화상자 발생 함
2023-01-24 16:54:09	PLC 에러/경고 대화상자 발생 함
2023-01-24 16:54:09	PLC 에러/경고 대화상자 발생 함
2023-01-24 16:54:09	PLC 에러/경고 대화상자 발생 함
2023-01-24 16:54:09	PLC 에러/경고 대화상자 발생 함
2023-01-24 16:54:09	PLC 에러/경고 대화상자 발생 함
2023-01-24 16:54:09	PLC 에러/경고 대화상자 발생 함
2023-01-24 16:54:09	PLC 에러/경고 대화상자 발생 함
2023-01-24 16:54:09	PLC 에러/경고 대화상자 발생 함
2023-01-24 16:54:09	PLC 에러/경고 대화상자 발생 함
2023-01-24 16:54:09	PLC 에러/경고 대화상자 발생 함
2023-01-24 16:54:09	PLC 에러/경고 대화상자 발생 함
2023-01-24 16:54:09	PLC 에러/경고 대화상자 발생 함
2023-01-24 16:54:09	PLC 에러/경고 대화상자 발생 함
2023-01-24 16:54:09	PLC 에러/경고 대화상자 발생 함
2023-01-24 16:54:09	PLC 에러/경고 대화상자 발생 함
2023-01-24 16:54:09	PLC 에러/경고 대화상자 발생 함
2023-01-24 16:54:09	PLC 에러/경고 대화상자 발생 함
2023-01-24 16:54:09	PLC 에러/경고 대화상자 발생 함
2023-01-24 16:54:09	PLC 에러/경고 대화상자 발생 함
2023-01-24 16:54:09	PLC 에러/경고 대화상자 발생 함
2023-01-24 16:54:09	PLC 에러/경고 대화상자 발생 함
2023-01-24 16:54:09	PLC 에러/경고 대화상자 발생 함
2023-01-24 16:54:09	PLC 에러/경고 대화상자 발생 함
2023-01-24 16:54:09	PLC 에러/경고 대화상자 발생 함
2023-01-24 16:54:09	PLC 에러/경고 대화상자 발생 함
2023-01-24 16:54:09	PLC 에러/경고 대화상자 발생 함
2023-01-24 16:54:09	PLC 에러/경고 대화상자 발생 함
2023-01-24 16:54:09	PLC 에러/경고 대화상자 발생 함
2023-01-24 16:54:09	PLC 에러/경고 대화상자 발생 함
2023-01-24 16:54:09	PLC 에러/경고 대화상자 발생 함
2023-01-24 16:54:09	PLC 에러/경고 대화상자 발생 함
2023-01-24 16:54:09	PLC 에러/경고 대화상자 발생 함
2023-01-24 16:54:09	PLC 에러/경고 대화상자 발생 함
2023-01-24 16:54:09	PLC 에러/경고 대화상자 발생 함
2023-01-24 16:54:09	PLC 에러/경고 대화상자 발생 함
2023-01-24 16:54:09	PLC 에러/경고 대화상자 발생 함
2023-01-24 16:54:09	PLC 에러/경고 대화상자 발생 함
2023-01-24 16:54:09	PLC 에러/경고 대화상자 발생 함
2023-01-24 16:54:09	PLC 에러/경고 대화상자 발생 함
2023-01-24 16:54:09	PLC 에러/경고 대화상자 발생 함
2023-01-24 16:54:09	PLC 에러/경고 대화상자 발생 함
2023-01-24 16:54:09	PLC 에러/경고 대화상자 발생 함
2023-01-24 16:54:09	PLC 에러/경고 대화상자 발생 함
2023-01-24 16:54:09	PLC 에러/경고 대화상자 발생 함
2023-01-24 16:54:09	PLC 에러/경고 대화상자 발생 함
2023-01-24 16:54:09	PLC 에러/경고 대화상자 발생 함
2023-01-24 16:54:10	PLC 에러/경고 대화상자 발생 함
2023-01-24 16:54:10	PLC 에러/경고 대화상자 발생 함
2023-01-24 16:54:10	PLC 에러/경고 대화상자 발생 함
2023-01-24 16:54:10	PLC 에러/경고 대화상자 발생 함
2023-01-24 16:54:10	PLC 에러/경고 대화상자 발생 함
2023-01-24 16:54:10	PLC 에러/경고 대화상자 발생 함
2023-01-24 16:54:10	PLC 에러/경고 대화상자 발생 함
2023-01-24 16:54:10	PLC 에러/경고 대화상자 발생 함
2023-01-24 16:54:10	PLC 에러/경고 대화상자 발생 함
2023-01-24 16:54:10	PLC 에러/경고 대화상자 발생 함
2023-01-24 16:54:10	PLC 에러/경고 대화상자 발생 함
2023-01-24 16:54:10	PLC 에러/경고 대화상자 발생 함
2023-01-24 16:54:10	PLC 에러/경고 대화상자 발생 함
2023-01-24 16:54:10	PLC 에러/경고 대화상자 발생 함
2023-01-24 16:54:10	PLC 에러/경고 대화상자 발생 함
2023-01-24 16:54:10	PLC 에러/경고 대화상자 발생 함
2023-01-24 16:54:10	PLC 에러/경고 대화상자 발생 함
2023-01-24 16:54:10	PLC 에러/경고 대화상자 발생 함
2023-01-24 16:54:10	PLC 에러/경고 대화상자 발생 함
2023-01-24 16:54:10	PLC 에러/경고 대화상자 발생 함
2023-01-24 16:54:10	PLC 에러/경고 대화상자 발생 함
2023-01-24 16:54:10	PLC 에러/경고 대화상자 발생 함
2023-01-24 16:54:10	PLC 에러/경고 대화상자 발생 함
2023-01-24 16:54:10	PLC 에러/경고 대화상자 발생 함
2023-01-24 16:54:10	PLC 에러/경고 대화상자 발생 함
2023-01-24 16:54:10	PLC 에러/경고 대화상자 발생 함
2023-01-24 16:54:10	PLC 에러/경고 대화상자 발생 함
2023-01-24 16:54:10	PLC 에러/경고 대화상자 발생 함
2023-01-24 16:54:10	PLC 에러/경고 대화상자 발생 함
2023-01-24 16:54:10	PLC 에러/경고 대화상자 발생 함
2023-01-24 16:54:10	PLC 에러/경고 대화상자 발생 함
2023-01-24 16:54:10	PLC 에러/경고 대화상자 발생 함
2023-01-24 16:54:10	PLC 에러/경고 대화상자 발생 함
2023-01-24 16:54:10	PLC 에러/경고 대화상자 발생 함
2023-01-24 16:54:10	GetDLPosition 호출 함
2023-01-24 16:54:10	GetDLSize 호출 함
2023-01-24 16:54:10	로컬 Connect 함
2023-01-24 16:54:17	로컬 Disconnect 함
2023-01-24 16:54:45	PLC 에러/경고 대화상자 발생 함
2023-01-24 16:54:45	PLC 에러/경고 대화상자 발생 함
2023-01-24 16:54:45	PLC 에러/경고 대화상자 발생 함
2023-01-24 16:54:45	PLC 에러/경고 대화상자 발생 함
2023-01-24 16:54:45	PLC 에러/경고 대화상자 발생 함
2023-01-24 16:54:45	PLC 에러/경고 대화상자 발생 함
2023-01-24 16:54:45	PLC 에러/경고 대화상자 발생 함
2023-01-24 16:54:45	PLC 에러/경고 대화상자 발생 함
2023-01-24 16:54:45	PLC 에러/경고 대화상자 발생 함
2023-01-24 16:54:45	PLC 에러/경고 대화상자 발생 함
2023-01-24 16:54:45	PLC 에러/경고 대화상자 발생 함
2023-01-24 16:54:45	PLC 에러/경고 대화상자 발생 함
2023-01-24 16:54:45	PLC 에러/경고 대화상자 발생 함
2023-01-24 16:54:45	PLC 에러/경고 대화상자 발생 함
2023-01-24 16:54:45	PLC 에러/경고 대화상자 발생 함
2023-01-24 16:54:45	PLC 에러/경고 대화상자 발생 함
2023-01-24 16:54:45	PLC 에러/경고 대화상자 발생 함
2023-01-24 16:54:45	PLC 에러/경고 대화상자 발생 함
2023-01-24 16:54:45	PLC 에러/경고 대화상자 발생 함
2023-01-24 16:54:45	PLC 에러/경고 대화상자 발생 함
2023-01-24 16:54:45	PLC 에러/경고 대화상자 발생 함
2023-01-24 16:54:45	PLC 에러/경고 대화상자 발생 함
2023-01-24 16:54:45	PLC 에러/경고 대화상자 발생 함
2023-01-24 16:54:45	PLC 에러/경고 대화상자 발생 함
2023-01-24 16:54:45	PLC 에러/경고 대화상자 발생 함
2023-01-24 16:54:45	PLC 에러/경고 대화상자 발생 함
2023-01-24 16:54:45	PLC 에러/경고 대화상자 발생 함
2023-01-24 16:54:45	PLC 에러/경고 대화상자 발생 함
2023-01-24 16:54:45	PLC 에러/경고 대화상자 발생 함
2023-01-24 16:54:45	PLC 에러/경고 대화상자 발생 함
2023-01-24 16:54:45	PLC 에러/경고 대화상자 발생 함
2023-01-24 16:54:45	PLC 에러/경고 대화상자 발생 함
2023-01-24 16:54:45	PLC 에러/경고 대화상자 발생 함
2023-01-24 16:54:45	PLC 에러/경고 대화상자 발생 함
2023-01-24 16:54:45	PLC 에러/경고 대화상자 발생 함
2023-01-24 16:54:45	PLC 에러/경고 대화상자 발생 함
2023-01-24 16:54:45	PLC 에러/경고 대화상자 발생 함
2023-01-24 16:54:45	PLC 에러/경고 대화상자 발생 함
2023-01-24 16:54:45	PLC 에러/경고 대화상자 발생 함
2023-01-24 16:54:45	PLC 에러/경고 대화상자 발생 함
2023-01-24 16:54:45	PLC 에러/경고 대화상자 발생 함
2023-01-24 16:54:45	PLC 에러/경고 대화상자 발생 함
2023-01-24 16:54:45	PLC 에러/경고 대화상자 발생 함
2023-01-24 16:54:45	PLC 에러/경고 대화상자 발생 함
2023-01-24 16:54:46	PLC 에러/경고 대화상자 발생 함
2023-01-24 16:54:46	PLC 에러/경고 대화상자 발생 함
2023-01-24 16:54:46	PLC 에러/경고 대화상자 발생 함
2023-01-24 16:54:46	PLC 에러/경고 대화상자 발생 함
2023-01-24 16:54:46	PLC 에러/경고 대화상자 발생 함
2023-01-24 16:54:46	PLC 에러/경고 대화상자 발생 함
2023-01-24 16:54:46	PLC 에러/경고 대화상자 발생 함
2023-01-24 16:54:46	PLC 에러/경고 대화상자 발생 함
2023-01-24 16:54:46	PLC 에러/경고 대화상자 발생 함
2023-01-24 16:54:46	PLC 에러/경고 대화상자 발생 함
2023-01-24 16:54:46	PLC 에러/경고 대화상자 발생 함
2023-01-24 16:54:46	PLC 에러/경고 대화상자 발생 함
2023-01-24 16:54:46	PLC 에러/경고 대화상자 발생 함
2023-01-24 16:54:46	PLC 에러/경고 대화상자 발생 함
2023-01-24 16:54:46	PLC 에러/경고 대화상자 발생 함
2023-01-24 16:54:46	PLC 에러/경고 대화상자 발생 함
2023-01-24 16:54:46	PLC 에러/경고 대화상자 발생 함
2023-01-24 16:54:46	PLC 에러/경고 대화상자 발생 함
2023-01-24 16:54:46	PLC 에러/경고 대화상자 발생 함
2023-01-24 16:54:46	PLC 에러/경고 대화상자 발생 함
2023-01-24 16:54:46	PLC 에러/경고 대화상자 발생 함
2023-01-24 16:54:46	PLC 에러/경고 대화상자 발생 함
2023-01-24 16:54:46	PLC 에러/경고 대화상자 발생 함
2023-01-24 16:54:46	PLC 에러/경고 대화상자 발생 함
2023-01-24 16:54:46	PLC 에러/경고 대화상자 발생 함
2023-01-24 16:54:46	PLC 에러/경고 대화상자 발생 함
2023-01-24 16:54:46	GetDLPosition 호출 함
2023-01-24 16:54:46	GetDLSize 호출 함
2023-01-24 16:54:46	로컬 Connect 함
2023-01-24 16:54:51	로컬 Disconnect 함
2023-01-24 16:55:13	리셋 또는 응답없음으로 비정상 접속 끊기 함
2023-01-24 16:55:27	리셋 또는 응답없음으로 비정상 접속 끊기 함
2023-01-24 16:55:45	리셋 또는 응답없음으로 비정상 접속 끊기 함
2023-01-24 16:55:55	리셋 또는 응답없음으로 비정상 접속 끊기 함
2023-01-24 16:56:08	리셋 또는 응답없음으로 비정상 접속 끊기 함
2023-01-24 17:02:29	리셋 또는 응답없음으로 비정상 접속 끊기 함
2023-01-24 17:02:39	PLC 에러/경고 대화상자 발생 함
2023-01-24 17:02:39	PLC 에러/경고 대화상자 발생 함
2023-01-24 17:02:39	PLC 에러/경고 대화상자 발생 함
2023-01-24 17:02:39	PLC 에러/경고 대화상자 발생 함
2023-01-24 17:02:39	PLC 에러/경고 대화상자 발생 함
2023-01-24 17:02:39	PLC 에러/경고 대화상자 발생 함
2023-01-24 17:02:39	PLC 에러/경고 대화상자 발생 함
2023-01-24 17:02:39	PLC 에러/경고 대화상자 발생 함
2023-01-24 17:02:39	PLC 에러/경고 대화상자 발생 함
2023-01-24 17:02:39	PLC 에러/경고 대화상자 발생 함
2023-01-24 17:02:39	PLC 에러/경고 대화상자 발생 함
2023-01-24 17:02:39	PLC 에러/경고 대화상자 발생 함
2023-01-24 17:02:39	PLC 에러/경고 대화상자 발생 함
2023-01-24 17:02:39	PLC 에러/경고 대화상자 발생 함
2023-01-24 17:02:39	PLC 에러/경고 대화상자 발생 함
2023-01-24 17:02:39	PLC 에러/경고 대화상자 발생 함
2023-01-24 17:02:39	PLC 에러/경고 대화상자 발생 함
2023-01-24 17:02:39	PLC 에러/경고 대화상자 발생 함
2023-01-24 17:02:39	PLC 에러/경고 대화상자 발생 함
2023-01-24 17:02:39	PLC 에러/경고 대화상자 발생 함
2023-01-24 17:02:39	PLC 에러/경고 대화상자 발생 함
2023-01-24 17:02:39	PLC 에러/경고 대화상자 발생 함
2023-01-24 17:02:39	PLC 에러/경고 대화상자 발생 함
2023-01-24 17:02:39	PLC 에러/경고 대화상자 발생 함
2023-01-24 17:02:39	PLC 에러/경고 대화상자 발생 함
2023-01-24 17:02:39	PLC 에러/경고 대화상자 발생 함
2023-01-24 17:02:39	PLC 에러/경고 대화상자 발생 함
2023-01-24 17:02:39	PLC 에러/경고 대화상자 발생 함
2023-01-24 17:02:39	PLC 에러/경고 대화상자 발생 함
2023-01-24 17:02:39	PLC 에러/경고 대화상자 발생 함
2023-01-24 17:02:39	PLC 에러/경고 대화상자 발생 함
2023-01-24 17:02:39	PLC 에러/경고 대화상자 발생 함
2023-01-24 17:02:39	PLC 에러/경고 대화상자 발생 함
2023-01-24 17:02:39	PLC 에러/경고 대화상자 발생 함
2023-01-24 17:02:39	PLC 에러/경고 대화상자 발생 함
2023-01-24 17:02:39	PLC 에러/경고 대화상자 발생 함
2023-01-24 17:02:39	PLC 에러/경고 대화상자 발생 함
2023-01-24 17:02:39	PLC 에러/경고 대화상자 발생 함
2023-01-24 17:02:39	PLC 에러/경고 대화상자 발생 함
2023-01-24 17:02:39	PLC 에러/경고 대화상자 발생 함
2023-01-24 17:02:39	PLC 에러/경고 대화상자 발생 함
2023-01-24 17:02:39	PLC 에러/경고 대화상자 발생 함
2023-01-24 17:02:39	PLC 에러/경고 대화상자 발생 함
2023-01-24 17:02:39	PLC 에러/경고 대화상자 발생 함
2023-01-24 17:02:39	PLC 에러/경고 대화상자 발생 함
2023-01-24 17:02:39	PLC 에러/경고 대화상자 발생 함
2023-01-24 17:02:40	PLC 에러/경고 대화상자 발생 함
2023-01-24 17:02:40	PLC 에러/경고 대화상자 발생 함
2023-01-24 17:02:40	PLC 에러/경고 대화상자 발생 함
2023-01-24 17:02:40	PLC 에러/경고 대화상자 발생 함
2023-01-24 17:02:40	PLC 에러/경고 대화상자 발생 함
2023-01-24 17:02:40	PLC 에러/경고 대화상자 발생 함
2023-01-24 17:02:40	PLC 에러/경고 대화상자 발생 함
2023-01-24 17:02:40	PLC 에러/경고 대화상자 발생 함
2023-01-24 17:02:40	PLC 에러/경고 대화상자 발생 함
2023-01-24 17:02:40	PLC 에러/경고 대화상자 발생 함
2023-01-24 17:02:40	PLC 에러/경고 대화상자 발생 함
2023-01-24 17:02:40	PLC 에러/경고 대화상자 발생 함
2023-01-24 17:02:40	PLC 에러/경고 대화상자 발생 함
2023-01-24 17:02:40	PLC 에러/경고 대화상자 발생 함
2023-01-24 17:02:40	PLC 에러/경고 대화상자 발생 함
2023-01-24 17:02:40	PLC 에러/경고 대화상자 발생 함
2023-01-24 17:02:40	PLC 에러/경고 대화상자 발생 함
2023-01-24 17:02:40	PLC 에러/경고 대화상자 발생 함
2023-01-24 17:02:40	PLC 에러/경고 대화상자 발생 함
2023-01-24 17:02:40	PLC 에러/경고 대화상자 발생 함
2023-01-24 17:02:40	PLC 에러/경고 대화상자 발생 함
2023-01-24 17:02:40	PLC 에러/경고 대화상자 발생 함
2023-01-24 17:02:40	PLC 에러/경고 대화상자 발생 함
2023-01-24 17:02:40	PLC 에러/경고 대화상자 발생 함
2023-01-24 17:02:40	PLC 에러/경고 대화상자 발생 함
2023-01-24 17:02:40	PLC 에러/경고 대화상자 발생 함
2023-01-24 17:02:40	PLC 에러/경고 대화상자 발생 함
2023-01-24 17:02:40	PLC 에러/경고 대화상자 발생 함
2023-01-24 17:02:40	PLC 에러/경고 대화상자 발생 함
2023-01-24 17:02:40	PLC 에러/경고 대화상자 발생 함
2023-01-24 17:02:40	PLC 에러/경고 대화상자 발생 함
2023-01-24 17:02:40	PLC 에러/경고 대화상자 발생 함
2023-01-24 17:02:40	PLC 에러/경고 대화상자 발생 함
2023-01-24 17:02:40	PLC 에러/경고 대화상자 발생 함
2023-01-24 17:02:40	PLC 에러/경고 대화상자 발생 함
2023-01-24 17:02:40	PLC 에러/경고 대화상자 발생 함
2023-01-24 17:02:40	PLC 에러/경고 대화상자 발생 함
2023-01-24 17:02:40	PLC 에러/경고 대화상자 발생 함
2023-01-24 17:02:40	PLC 에러/경고 대화상자 발생 함
2023-01-24 17:02:40	PLC 에러/경고 대화상자 발생 함
2023-01-24 17:02:40	PLC 에러/경고 대화상자 발생 함
2023-01-24 17:02:40	PLC 에러/경고 대화상자 발생 함
2023-01-24 17:02:40	PLC 에러/경고 대화상자 발생 함
2023-01-24 17:02:40	PLC 에러/경고 대화상자 발생 함
2023-01-24 17:02:40	PLC 에러/경고 대화상자 발생 함
2023-01-24 17:02:40	PLC 에러/경고 대화상자 발생 함
2023-01-24 17:02:40	PLC 에러/경고 대화상자 발생 함
2023-01-24 17:02:40	PLC 에러/경고 대화상자 발생 함
2023-01-24 17:02:40	PLC 에러/경고 대화상자 발생 함
2023-01-24 17:02:40	PLC 에러/경고 대화상자 발생 함
2023-01-24 17:02:40	PLC 에러/경고 대화상자 발생 함
2023-01-24 17:02:40	PLC 에러/경고 대화상자 발생 함
2023-01-24 17:02:40	PLC 에러/경고 대화상자 발생 함
2023-01-24 17:02:40	PLC 에러/경고 대화상자 발생 함
2023-01-24 17:02:40	PLC 에러/경고 대화상자 발생 함
2023-01-24 17:02:40	PLC 에러/경고 대화상자 발생 함
2023-01-24 17:02:40	PLC 에러/경고 대화상자 발생 함
2023-01-24 17:02:40	PLC 에러/경고 대화상자 발생 함
2023-01-24 17:02:40	PLC 에러/경고 대화상자 발생 함
2023-01-24 17:02:40	PLC 에러/경고 대화상자 발생 함
2023-01-24 17:02:40	PLC 에러/경고 대화상자 발생 함
2023-01-24 17:02:40	PLC 에러/경고 대화상자 발생 함
2023-01-24 17:02:40	PLC 에러/경고 대화상자 발생 함
2023-01-24 17:02:40	PLC 에러/경고 대화상자 발생 함
2023-01-24 17:02:41	PLC 에러/경고 대화상자 발생 함
2023-01-24 17:02:41	PLC 에러/경고 대화상자 발생 함
2023-01-24 17:02:41	PLC 에러/경고 대화상자 발생 함
2023-01-24 17:02:41	PLC 에러/경고 대화상자 발생 함
2023-01-24 17:02:41	PLC 에러/경고 대화상자 발생 함
2023-01-24 17:02:41	PLC 에러/경고 대화상자 발생 함
2023-01-24 17:02:41	PLC 에러/경고 대화상자 발생 함
2023-01-24 17:02:41	PLC 에러/경고 대화상자 발생 함
2023-01-24 17:02:41	PLC 에러/경고 대화상자 발생 함
2023-01-24 17:02:41	PLC 에러/경고 대화상자 발생 함
2023-01-24 17:02:41	PLC 에러/경고 대화상자 발생 함
2023-01-24 17:02:41	PLC 에러/경고 대화상자 발생 함
2023-01-24 17:02:41	PLC 에러/경고 대화상자 발생 함
2023-01-24 17:02:41	PLC 에러/경고 대화상자 발생 함
2023-01-24 17:02:41	PLC 에러/경고 대화상자 발생 함
2023-01-24 17:02:41	PLC 에러/경고 대화상자 발생 함
2023-01-24 17:02:41	PLC 에러/경고 대화상자 발생 함
2023-01-24 17:02:41	PLC 에러/경고 대화상자 발생 함
2023-01-24 17:02:41	PLC 에러/경고 대화상자 발생 함
2023-01-24 17:02:41	PLC 에러/경고 대화상자 발생 함
2023-01-24 17:02:41	PLC 에러/경고 대화상자 발생 함
2023-01-24 17:02:41	PLC 에러/경고 대화상자 발생 함
2023-01-24 17:02:41	PLC 에러/경고 대화상자 발생 함
2023-01-24 17:02:41	PLC 에러/경고 대화상자 발생 함
2023-01-24 17:02:41	PLC 에러/경고 대화상자 발생 함
2023-01-24 17:02:41	PLC 에러/경고 대화상자 발생 함
2023-01-24 17:02:41	PLC 에러/경고 대화상자 발생 함
2023-01-24 17:02:41	PLC 에러/경고 대화상자 발생 함
2023-01-24 17:02:41	PLC 에러/경고 대화상자 발생 함
2023-01-24 17:02:41	PLC 에러/경고 대화상자 발생 함
2023-01-24 17:02:41	PLC 에러/경고 대화상자 발생 함
2023-01-24 17:02:41	PLC 에러/경고 대화상자 발생 함
2023-01-24 17:02:41	PLC 에러/경고 대화상자 발생 함
2023-01-24 17:02:41	PLC 에러/경고 대화상자 발생 함
2023-01-24 17:02:41	PLC 에러/경고 대화상자 발생 함
2023-01-24 17:02:41	PLC 에러/경고 대화상자 발생 함
2023-01-24 17:02:41	PLC 에러/경고 대화상자 발생 함
2023-01-24 17:02:41	PLC 에러/경고 대화상자 발생 함
2023-01-24 17:02:41	GetDLPosition 호출 함
2023-01-24 17:02:41	GetDLSize 호출 함
2023-01-24 17:02:41	로컬 Connect 함
2023-01-24 17:02:44	로컬 Disconnect 함
2023-01-24 17:02:56	PLC 에러/경고 대화상자 발생 함
2023-01-24 17:02:56	PLC 에러/경고 대화상자 발생 함
2023-01-24 17:02:56	PLC 에러/경고 대화상자 발생 함
2023-01-24 17:02:56	PLC 에러/경고 대화상자 발생 함
2023-01-24 17:02:56	PLC 에러/경고 대화상자 발생 함
2023-01-24 17:02:56	PLC 에러/경고 대화상자 발생 함
2023-01-24 17:02:56	PLC 에러/경고 대화상자 발생 함
2023-01-24 17:02:56	PLC 에러/경고 대화상자 발생 함
2023-01-24 17:02:56	PLC 에러/경고 대화상자 발생 함
2023-01-24 17:02:56	PLC 에러/경고 대화상자 발생 함
2023-01-24 17:02:56	PLC 에러/경고 대화상자 발생 함
2023-01-24 17:02:56	PLC 에러/경고 대화상자 발생 함
2023-01-24 17:02:56	PLC 에러/경고 대화상자 발생 함
2023-01-24 17:02:56	PLC 에러/경고 대화상자 발생 함
2023-01-24 17:02:56	PLC 에러/경고 대화상자 발생 함
2023-01-24 17:02:56	PLC 에러/경고 대화상자 발생 함
2023-01-24 17:02:56	PLC 에러/경고 대화상자 발생 함
2023-01-24 17:02:56	PLC 에러/경고 대화상자 발생 함
2023-01-24 17:02:56	PLC 에러/경고 대화상자 발생 함
2023-01-24 17:02:56	PLC 에러/경고 대화상자 발생 함
2023-01-24 17:02:56	PLC 에러/경고 대화상자 발생 함
2023-01-24 17:02:56	PLC 에러/경고 대화상자 발생 함
2023-01-24 17:02:56	PLC 에러/경고 대화상자 발생 함
2023-01-24 17:02:56	PLC 에러/경고 대화상자 발생 함
2023-01-24 17:02:56	PLC 에러/경고 대화상자 발생 함
2023-01-24 17:02:56	PLC 에러/경고 대화상자 발생 함
2023-01-24 17:02:56	PLC 에러/경고 대화상자 발생 함
2023-01-24 17:02:56	PLC 에러/경고 대화상자 발생 함
2023-01-24 17:02:56	PLC 에러/경고 대화상자 발생 함
2023-01-24 17:02:56	PLC 에러/경고 대화상자 발생 함
2023-01-24 17:02:56	PLC 에러/경고 대화상자 발생 함
2023-01-24 17:02:56	PLC 에러/경고 대화상자 발생 함
2023-01-24 17:02:56	PLC 에러/경고 대화상자 발생 함
2023-01-24 17:02:56	PLC 에러/경고 대화상자 발생 함
2023-01-24 17:02:56	PLC 에러/경고 대화상자 발생 함
2023-01-24 17:02:56	PLC 에러/경고 대화상자 발생 함
2023-01-24 17:02:56	PLC 에러/경고 대화상자 발생 함
2023-01-24 17:02:56	PLC 에러/경고 대화상자 발생 함
2023-01-24 17:02:56	PLC 에러/경고 대화상자 발생 함
2023-01-24 17:02:56	PLC 에러/경고 대화상자 발생 함
2023-01-24 17:02:56	PLC 에러/경고 대화상자 발생 함
2023-01-24 17:02:56	PLC 에러/경고 대화상자 발생 함
2023-01-24 17:02:56	PLC 에러/경고 대화상자 발생 함
2023-01-24 17:02:56	PLC 에러/경고 대화상자 발생 함
2023-01-24 17:02:56	PLC 에러/경고 대화상자 발생 함
2023-01-24 17:02:56	PLC 에러/경고 대화상자 발생 함
2023-01-24 17:02:56	PLC 에러/경고 대화상자 발생 함
2023-01-24 17:02:56	PLC 에러/경고 대화상자 발생 함
2023-01-24 17:02:56	PLC 에러/경고 대화상자 발생 함
2023-01-24 17:02:56	PLC 에러/경고 대화상자 발생 함
2023-01-24 17:02:56	PLC 에러/경고 대화상자 발생 함
2023-01-24 17:02:56	PLC 에러/경고 대화상자 발생 함
2023-01-24 17:02:56	PLC 에러/경고 대화상자 발생 함
2023-01-24 17:02:56	PLC 에러/경고 대화상자 발생 함
2023-01-24 17:02:56	PLC 에러/경고 대화상자 발생 함
2023-01-24 17:02:56	PLC 에러/경고 대화상자 발생 함
2023-01-24 17:02:56	PLC 에러/경고 대화상자 발생 함
2023-01-24 17:02:56	PLC 에러/경고 대화상자 발생 함
2023-01-24 17:02:57	PLC 에러/경고 대화상자 발생 함
2023-01-24 17:02:57	PLC 에러/경고 대화상자 발생 함
2023-01-24 17:02:57	PLC 에러/경고 대화상자 발생 함
2023-01-24 17:02:57	PLC 에러/경고 대화상자 발생 함
2023-01-24 17:02:57	PLC 에러/경고 대화상자 발생 함
2023-01-24 17:02:57	PLC 에러/경고 대화상자 발생 함
2023-01-24 17:02:57	PLC 에러/경고 대화상자 발생 함
2023-01-24 17:02:57	PLC 에러/경고 대화상자 발생 함
2023-01-24 17:02:57	PLC 에러/경고 대화상자 발생 함
2023-01-24 17:02:57	PLC 에러/경고 대화상자 발생 함
2023-01-24 17:02:57	PLC 에러/경고 대화상자 발생 함
2023-01-24 17:02:57	PLC 에러/경고 대화상자 발생 함
2023-01-24 17:02:57	GetDLPosition 호출 함
2023-01-24 17:02:57	GetDLSize 호출 함
2023-01-24 17:02:57	로컬 Connect 함
2023-01-24 17:03:05	로컬 Disconnect 함
2023-01-24 17:54:14	리셋 또는 응답없음으로 비정상 접속 끊기 함
2023-01-24 17:54:21	PLC 에러/경고 대화상자 발생 함
2023-01-24 17:54:21	PLC 에러/경고 대화상자 발생 함
2023-01-24 17:54:21	PLC 에러/경고 대화상자 발생 함
2023-01-24 17:54:21	PLC 에러/경고 대화상자 발생 함
2023-01-24 17:54:21	PLC 에러/경고 대화상자 발생 함
2023-01-24 17:54:21	PLC 에러/경고 대화상자 발생 함
2023-01-24 17:54:21	PLC 에러/경고 대화상자 발생 함
2023-01-24 17:54:21	PLC 에러/경고 대화상자 발생 함
2023-01-24 17:54:21	PLC 에러/경고 대화상자 발생 함
2023-01-24 17:54:21	PLC 에러/경고 대화상자 발생 함
2023-01-24 17:54:21	PLC 에러/경고 대화상자 발생 함
2023-01-24 17:54:21	PLC 에러/경고 대화상자 발생 함
2023-01-24 17:54:21	PLC 에러/경고 대화상자 발생 함
2023-01-24 17:54:21	PLC 에러/경고 대화상자 발생 함
2023-01-24 17:54:21	PLC 에러/경고 대화상자 발생 함
2023-01-24 17:54:21	PLC 에러/경고 대화상자 발생 함
2023-01-24 17:54:21	PLC 에러/경고 대화상자 발생 함
2023-01-24 17:54:21	PLC 에러/경고 대화상자 발생 함
2023-01-24 17:54:21	PLC 에러/경고 대화상자 발생 함
2023-01-24 17:54:21	PLC 에러/경고 대화상자 발생 함
2023-01-24 17:54:21	PLC 에러/경고 대화상자 발생 함
2023-01-24 17:54:21	PLC 에러/경고 대화상자 발생 함
2023-01-24 17:54:21	PLC 에러/경고 대화상자 발생 함
2023-01-24 17:54:21	PLC 에러/경고 대화상자 발생 함
2023-01-24 17:54:21	PLC 에러/경고 대화상자 발생 함
2023-01-24 17:54:21	PLC 에러/경고 대화상자 발생 함
2023-01-24 17:54:21	PLC 에러/경고 대화상자 발생 함
2023-01-24 17:54:21	PLC 에러/경고 대화상자 발생 함
2023-01-24 17:54:21	PLC 에러/경고 대화상자 발생 함
2023-01-24 17:54:21	PLC 에러/경고 대화상자 발생 함
2023-01-24 17:54:21	PLC 에러/경고 대화상자 발생 함
2023-01-24 17:54:21	PLC 에러/경고 대화상자 발생 함
2023-01-24 17:54:21	PLC 에러/경고 대화상자 발생 함
2023-01-24 17:54:21	PLC 에러/경고 대화상자 발생 함
2023-01-24 17:54:21	PLC 에러/경고 대화상자 발생 함
2023-01-24 17:54:21	PLC 에러/경고 대화상자 발생 함
2023-01-24 17:54:21	PLC 에러/경고 대화상자 발생 함
2023-01-24 17:54:21	PLC 에러/경고 대화상자 발생 함
2023-01-24 17:54:21	PLC 에러/경고 대화상자 발생 함
2023-01-24 17:54:21	PLC 에러/경고 대화상자 발생 함
2023-01-24 17:54:21	PLC 에러/경고 대화상자 발생 함
2023-01-24 17:54:21	PLC 에러/경고 대화상자 발생 함
2023-01-24 17:54:21	PLC 에러/경고 대화상자 발생 함
2023-01-24 17:54:21	PLC 에러/경고 대화상자 발생 함
2023-01-24 17:54:21	PLC 에러/경고 대화상자 발생 함
2023-01-24 17:54:21	PLC 에러/경고 대화상자 발생 함
2023-01-24 17:54:22	PLC 에러/경고 대화상자 발생 함
2023-01-24 17:54:22	PLC 에러/경고 대화상자 발생 함
2023-01-24 17:54:22	PLC 에러/경고 대화상자 발생 함
2023-01-24 17:54:22	PLC 에러/경고 대화상자 발생 함
2023-01-24 17:54:22	PLC 에러/경고 대화상자 발생 함
2023-01-24 17:54:22	PLC 에러/경고 대화상자 발생 함
2023-01-24 17:54:22	PLC 에러/경고 대화상자 발생 함
2023-01-24 17:54:22	PLC 에러/경고 대화상자 발생 함
2023-01-24 17:54:22	PLC 에러/경고 대화상자 발생 함
2023-01-24 17:54:22	PLC 에러/경고 대화상자 발생 함
2023-01-24 17:54:22	PLC 에러/경고 대화상자 발생 함
2023-01-24 17:54:22	PLC 에러/경고 대화상자 발생 함
2023-01-24 17:54:22	PLC 에러/경고 대화상자 발생 함
2023-01-24 17:54:22	PLC 에러/경고 대화상자 발생 함
2023-01-24 17:54:22	PLC 에러/경고 대화상자 발생 함
2023-01-24 17:54:22	PLC 에러/경고 대화상자 발생 함
2023-01-24 17:54:22	PLC 에러/경고 대화상자 발생 함
2023-01-24 17:54:22	PLC 에러/경고 대화상자 발생 함
2023-01-24 17:54:22	PLC 에러/경고 대화상자 발생 함
2023-01-24 17:54:22	PLC 에러/경고 대화상자 발생 함
2023-01-24 17:54:22	PLC 에러/경고 대화상자 발생 함
2023-01-24 17:54:22	PLC 에러/경고 대화상자 발생 함
2023-01-24 17:54:22	PLC 에러/경고 대화상자 발생 함
2023-01-24 17:54:22	PLC 에러/경고 대화상자 발생 함
2023-01-24 17:54:22	GetDLPosition 호출 함
2023-01-24 17:54:22	GetDLSize 호출 함
2023-01-24 17:54:22	로컬 Connect 함
2023-01-24 17:54:25	로컬 Disconnect 함
